#
# A fatal error has been detected by the Java Runtime Environment:
#
#  SIGSEGV (0xb) at pc=0x000000010aeb2302, pid=69809, tid=18179
#
# JRE version: Java(TM) SE Runtime Environment (7.0_71-b14) (build 1.7.0_71-b14)
# Java VM: Java HotSpot(TM) 64-Bit Server VM (24.71-b01 mixed mode bsd-amd64 compressed oops)
# Problematic frame:
# V  [libjvm.dylib+0x2b2302]  java_lang_String::length(oopDesc*)+0x54
#
# Failed to write core dump. Core dumps have been disabled. To enable core dumping, try "ulimit -c unlimited" before starting Java again
#
# If you would like to submit a bug report, please visit:
#   http://bugreport.sun.com/bugreport/crash.jsp
#

---------------  T H R E A D  ---------------

Current thread (0x00007fd90d81e800):  JavaThread "JDWP Transport Listener: dt_socket" daemon [_thread_in_vm, id=18179, stack(0x000000011519a000,0x000000011529a000)]

siginfo:si_signo=SIGSEGV: si_errno=0, si_code=1 (SEGV_MAPERR), si_addr=0x000000000000000c

Registers:
RAX=0x0000000000000000, RBX=0x00000007d575fd70, RCX=0x000000000000000c, RDX=0x0000000000000000
RSP=0x0000000115299a10, RBP=0x0000000115299a10, RSI=0x00007fd90bf0f1f8, RDI=0x00000007d575fd70
R8 =0x5d00000000000000, R9 =0x00007fd90bf00000, R10=0x000000000c005405, R11=0xffff802809684600
R12=0x00007fd90d81e800, R13=0x00007fd90bc16050, R14=0x0000000000000000, R15=0x0000000000000000
RIP=0x000000010aeb2302, EFLAGS=0x0000000000010202, ERR=0x0000000000000004
  TRAPNO=0x000000000000000e

Top of Stack: (sp=0x0000000115299a10)
0x0000000115299a10:   0000000115299a40 000000010aee1c3e
0x0000000115299a20:   0000000000000000 0000000000000000
0x0000000115299a30:   00000007d575fd70 00007fd90d81e9e8
0x0000000115299a40:   0000000115299ab0 000000010af09506
0x0000000115299a50:   00007fd90d81e800 00007fd90d81e800
0x0000000115299a60:   0000000000000000 0000000000000000
0x0000000115299a70:   00007fd90d81e9e8 00007fd90d81e800
0x0000000115299a80:   00007fd90d81e800 0000000115299b08
0x0000000115299a90:   00007fd90bf0f1f8 00007fd90bc16050
0x0000000115299aa0:   0000000115299c90 00007fd90d81e9e8
0x0000000115299ab0:   0000000115299ae0 000000010b6974be
0x0000000115299ac0:   0000000115299c90 000000010b6b7dc2
0x0000000115299ad0:   0000000115299b08 000000010b6c3588
0x0000000115299ae0:   0000000115299d00 000000010b69e642
0x0000000115299af0:   00001d6700000013 0000000000010a00
0x0000000115299b00:   00007fd90bc15470 0000000115299b58
0x0000000115299b10:   00007fd90000012c 0000000115299b20
0x0000000115299b20:   00007fd900000000 0000000115299b58
0x0000000115299b30:   0000000000000000 00007f0000000000
0x0000000115299b40:   00001d6700000013 00007fff0000ee80
0x0000000115299b50:   0000000115299b58 6e69616d04000000
0x0000000115299b60:   1300000000000000 0000000004000000
0x0000000115299b70:   a700000000000000 0400000000000000
0x0000000115299b80:   00000000020c0000 a800000009000000
0x0000000115299b90:   1300000000000000 00000500a9000000
0x0000000115299ba0:   0001020073000000 0006000000000000
0x0000000115299bb0:   00684be20bd97f00 0004000000000000
0x0000000115299bc0:   0103007300000000 5100000000000000
0x0000000115299bd0:   704de20bd97f0000 3d00000000000000
0x0000000115299be0:   0400730000000000 0000000000000001
0x0000000115299bf0:   4de20bd97f000051 0000000000000070
0x0000000115299c00:   007300000000000d 0000000000000105 

Instructions: (pc=0x000000010aeb2302)
0x000000010aeb22e2:   eb 16 48 8d 35 45 85 4c 00 8a 4e 08 48 d3 e2 48
0x000000010aeb22f2:   03 16 eb 04 48 8b 14 0f 84 c0 0f 94 c0 0f b6 c0
0x000000010aeb2302:   8b 44 82 0c 5d c3 8b 04 07 5d c3 90 55 48 89 e5
0x000000010aeb2312:   f6 87 8d 00 00 00 02 75 04 31 ff eb 23 48 63 87 

Register to memory mapping:

RAX=0x0000000000000000 is an unknown value
RBX=0x00000007d575fd70 is an oop
java.lang.String 
 - klass: 'java/lang/String'
RCX=0x000000000000000c is an unknown value
RDX=0x0000000000000000 is an unknown value
RSP=0x0000000115299a10 is pointing into the stack for thread: 0x00007fd90d81e800
RBP=0x0000000115299a10 is pointing into the stack for thread: 0x00007fd90d81e800
RSI=0x00007fd90bf0f1f8 is a global jni handle
RDI=0x00000007d575fd70 is an oop
java.lang.String 
 - klass: 'java/lang/String'
R8 =0x5d00000000000000 is an unknown value
R9 =0x00007fd90bf00000 is an unknown value
R10=0x000000000c005405 is an unknown value
R11=0xffff802809684600 is an unknown value
R12=0x00007fd90d81e800 is a thread
R13=0x00007fd90bc16050 is an unknown value
R14=0x0000000000000000 is an unknown value
R15=0x0000000000000000 is an unknown value


Stack: [0x000000011519a000,0x000000011529a000],  sp=0x0000000115299a10,  free space=1022k
Native frames: (J=compiled Java code, j=interpreted, Vv=VM code, C=native code)
V  [libjvm.dylib+0x2b2302]  java_lang_String::length(oopDesc*)+0x54
V  [libjvm.dylib+0x2e1c3e]  java_lang_String::utf8_length(oopDesc*)+0x38
V  [libjvm.dylib+0x309506]  jni_GetStringUTFChars+0x71
C  [libjdwp.dylib+0x74be]  value+0x96
C  [libjdwp.dylib+0xe642]  debugLoop_run+0x1ce
C  [libjdwp.dylib+0x1f0e2]  attachThread+0x4d
V  [libjvm.dylib+0x3787de]  JvmtiAgentThread::call_start_function()+0x38
V  [libjvm.dylib+0x4f5f69]  JavaThread::thread_main_inner()+0x9b
V  [libjvm.dylib+0x4f7671]  JavaThread::run()+0x1a3
V  [libjvm.dylib+0x420e02]  java_start(Thread*)+0x126
C  [libsystem_pthread.dylib+0x1899]  _pthread_body+0x8a
C  [libsystem_pthread.dylib+0x172a]  _pthread_struct_init+0x0
C  [libsystem_pthread.dylib+0x5fc9]  thread_start+0xd


---------------  P R O C E S S  ---------------

Java Threads: ( => current thread )
  0x00007fd90c85b800 JavaThread "Service Thread" daemon [_thread_blocked, id=20739, stack(0x00000001156a9000,0x00000001157a9000)]
  0x00007fd90c858800 JavaThread "C2 CompilerThread1" daemon [_thread_blocked, id=20227, stack(0x00000001155a6000,0x00000001156a6000)]
  0x00007fd90c859800 JavaThread "C2 CompilerThread0" daemon [_thread_blocked, id=19715, stack(0x00000001154a3000,0x00000001155a3000)]
  0x00007fd90c012800 JavaThread "JDWP Command Reader" daemon [_thread_in_native, id=19203, stack(0x00000001153a0000,0x00000001154a0000)]
  0x00007fd90d81f000 JavaThread "JDWP Event Helper Thread" daemon [_thread_blocked, id=18691, stack(0x000000011529d000,0x000000011539d000)]
=>0x00007fd90d81e800 JavaThread "JDWP Transport Listener: dt_socket" daemon [_thread_in_vm, id=18179, stack(0x000000011519a000,0x000000011529a000)]
  0x00007fd90d817000 JavaThread "Signal Dispatcher" daemon [_thread_blocked, id=17667, stack(0x0000000115091000,0x0000000115191000)]
  0x00007fd90d003000 JavaThread "Finalizer" daemon [_thread_blocked, id=12547, stack(0x0000000114e42000,0x0000000114f42000)]
  0x00007fd90d002000 JavaThread "Reference Handler" daemon [_thread_blocked, id=12035, stack(0x0000000114d3f000,0x0000000114e3f000)]
  0x00007fd90c801000 JavaThread "main" [_thread_blocked, id=6403, stack(0x000000010a2db000,0x000000010a3db000)]

Other Threads:
  0x00007fd90c84c800 VMThread [stack: 0x0000000114c3c000,0x0000000114d3c000] [id=11523]
  0x00007fd90c85a000 WatcherThread [stack: 0x00000001157ac000,0x00000001158ac000] [id=21251]

VM state:not at safepoint (normal execution)

VM Mutex/Monitor currently owned by a thread: None

Heap
 PSYoungGen      total 38912K, used 2705K [0x00000007d5500000, 0x00000007d8000000, 0x0000000800000000)
  eden space 33792K, 8% used [0x00000007d5500000,0x00000007d57a45b8,0x00000007d7600000)
  from space 5120K, 0% used [0x00000007d7b00000,0x00000007d7b00000,0x00000007d8000000)
  to   space 5120K, 0% used [0x00000007d7600000,0x00000007d7600000,0x00000007d7b00000)
 ParOldGen       total 87040K, used 0K [0x0000000780000000, 0x0000000785500000, 0x00000007d5500000)
  object space 87040K, 0% used [0x0000000780000000,0x0000000780000000,0x0000000785500000)
 PSPermGen       total 21504K, used 3123K [0x000000077ae00000, 0x000000077c300000, 0x0000000780000000)
  object space 21504K, 14% used [0x000000077ae00000,0x000000077b10cc88,0x000000077c300000)

Card table byte_map: [0x000000010e796000,0x000000010ebc0000] byte_map_base: 0x000000010abbf000

Polling page: 0x000000010a3ea000

Code Cache  [0x000000010b6d6000, 0x000000010b946000, 0x000000010e6d6000)
 total_blobs=188 nmethods=4 adapters=147 free_code_cache=48761Kb largest_free_block=49920256

Compilation events (8 events):
Event: 0.145 Thread 0x00007fd90c859800    1             java.lang.String::hashCode (55 bytes)
Event: 0.151 Thread 0x00007fd90c858800    2             java.lang.String::indexOf (70 bytes)
Event: 0.152 Thread 0x00007fd90c859800 nmethod 1 0x000000010b735990 code [0x000000010b735ae0, 0x000000010b735c98]
Event: 0.153 Thread 0x00007fd90c858800 nmethod 2 0x000000010b735550 code [0x000000010b7356a0, 0x000000010b735888]
Event: 21.016 Thread 0x00007fd90c859800    3             sun.nio.cs.UTF_8$Encoder::encode (361 bytes)
Event: 21.025 Thread 0x00007fd90c859800 nmethod 3 0x000000010b7345d0 code [0x000000010b734760, 0x000000010b734e48]
Event: 173.352 Thread 0x00007fd90c858800    4             java.lang.String::charAt (29 bytes)
Event: 173.353 Thread 0x00007fd90c858800 nmethod 4 0x000000010b7376d0 code [0x000000010b737820, 0x000000010b737918]

GC Heap History (0 events):
No events

Deoptimization events (0 events):
No events

Internal exceptions (10 events):
Event: 21.017 Thread 0x00007fd90c801000 Threw 0x00000007d5725a80 at /HUDSON/workspace/7u-2-build-macosx-x86_64/jdk7u71/1605/hotspot/src/share/vm/prims/jvm.cpp:1281
Event: 21.019 Thread 0x00007fd90c801000 Threw 0x00000007d5727af0 at /HUDSON/workspace/7u-2-build-macosx-x86_64/jdk7u71/1605/hotspot/src/share/vm/prims/jvm.cpp:1281
Event: 31.234 Thread 0x00007fd90c801000 Threw 0x00000007d5729f20 at /HUDSON/workspace/7u-2-build-macosx-x86_64/jdk7u71/1605/hotspot/src/share/vm/prims/jvm.cpp:1281
Event: 96.391 Thread 0x00007fd90c801000 Threw 0x00000007d572bd88 at /HUDSON/workspace/7u-2-build-macosx-x86_64/jdk7u71/1605/hotspot/src/share/vm/prims/jvm.cpp:1281
Event: 96.393 Thread 0x00007fd90c801000 Threw 0x00000007d572da80 at /HUDSON/workspace/7u-2-build-macosx-x86_64/jdk7u71/1605/hotspot/src/share/vm/prims/jvm.cpp:1281
Event: 96.395 Thread 0x00007fd90c801000 Threw 0x00000007d572fef8 at /HUDSON/workspace/7u-2-build-macosx-x86_64/jdk7u71/1605/hotspot/src/share/vm/prims/jvm.cpp:1281
Event: 173.352 Thread 0x00007fd90c801000 Threw 0x00000007d5749ef8 at /HUDSON/workspace/7u-2-build-macosx-x86_64/jdk7u71/1605/hotspot/src/share/vm/prims/jvm.cpp:1281
Event: 173.352 Thread 0x00007fd90c801000 Threw 0x00000007d574a020 at /HUDSON/workspace/7u-2-build-macosx-x86_64/jdk7u71/1605/hotspot/src/share/vm/prims/jvm.cpp:1281
Event: 173.353 Thread 0x00007fd90c801000 Threw 0x00000007d574d1f0 at /HUDSON/workspace/7u-2-build-macosx-x86_64/jdk7u71/1605/hotspot/src/share/vm/prims/jvm.cpp:1281
Event: 173.353 Thread 0x00007fd90c801000 Threw 0x00000007d574d318 at /HUDSON/workspace/7u-2-build-macosx-x86_64/jdk7u71/1605/hotspot/src/share/vm/prims/jvm.cpp:1281

Events (10 events):
Event: 445.264 Executing VM operation: EnterInterpOnlyMode
Event: 445.264 Executing VM operation: EnterInterpOnlyMode done
Event: 445.264 Executing VM operation: GetCurrentLocation
Event: 445.264 Executing VM operation: GetCurrentLocation done
Event: 445.264 Executing VM operation: ChangeSingleStep
Event: 445.264 Executing VM operation: ChangeSingleStep done
Event: 445.264 Executing VM operation: ChangeSingleStep
Event: 445.264 Executing VM operation: ChangeSingleStep done
Event: 445.426 Executing VM operation: GetOrSetLocal
Event: 445.426 Executing VM operation: GetOrSetLocal done


Dynamic libraries:
0x0000000000ca3000 	/System/Library/Frameworks/Cocoa.framework/Versions/A/Cocoa
0x0000000000ca3000 	/System/Library/Frameworks/Security.framework/Versions/A/Security
0x0000000000ca3000 	/System/Library/Frameworks/ApplicationServices.framework/Versions/A/ApplicationServices
0x0000000000ca3000 	/usr/lib/libz.1.dylib
0x0000000000ca3000 	/usr/lib/libSystem.B.dylib
0x0000000000ca3000 	/usr/lib/libobjc.A.dylib
0x0000000000ca3000 	/System/Library/Frameworks/CoreFoundation.framework/Versions/A/CoreFoundation
0x0000000000ca3000 	/System/Library/Frameworks/Foundation.framework/Versions/C/Foundation
0x0000000000ca3000 	/System/Library/Frameworks/AppKit.framework/Versions/C/AppKit
0x0000000000ca3000 	/System/Library/Frameworks/CoreData.framework/Versions/A/CoreData
0x0000000000ca3000 	/System/Library/PrivateFrameworks/RemoteViewServices.framework/Versions/A/RemoteViewServices
0x0000000000ca3000 	/System/Library/Frameworks/AudioToolbox.framework/Versions/A/AudioToolbox
0x0000000000ca3000 	/System/Library/Frameworks/AudioUnit.framework/Versions/A/AudioUnit
0x0000000000ca3000 	/System/Library/PrivateFrameworks/DataDetectorsCore.framework/Versions/A/DataDetectorsCore
0x0000000000ca3000 	/System/Library/PrivateFrameworks/DesktopServicesPriv.framework/Versions/A/DesktopServicesPriv
0x0000000000ca3000 	/System/Library/Frameworks/Carbon.framework/Versions/A/Frameworks/HIToolbox.framework/Versions/A/HIToolbox
0x0000000000ca3000 	/System/Library/Frameworks/QuartzCore.framework/Versions/A/QuartzCore
0x0000000000ca3000 	/System/Library/Frameworks/Carbon.framework/Versions/A/Frameworks/SpeechRecognition.framework/Versions/A/SpeechRecognition
0x0000000000ca3000 	/usr/lib/libauto.dylib
0x0000000000ca3000 	/usr/lib/libicucore.A.dylib
0x0000000000ca3000 	/usr/lib/libxml2.2.dylib
0x0000000000ca3000 	/System/Library/PrivateFrameworks/CoreUI.framework/Versions/A/CoreUI
0x0000000000ca3000 	/System/Library/Frameworks/CoreAudio.framework/Versions/A/CoreAudio
0x0000000000ca3000 	/System/Library/Frameworks/DiskArbitration.framework/Versions/A/DiskArbitration
0x0000000000ca3000 	/usr/lib/liblangid.dylib
0x0000000000ca3000 	/System/Library/PrivateFrameworks/MultitouchSupport.framework/Versions/A/MultitouchSupport
0x0000000000ca3000 	/System/Library/Frameworks/IOKit.framework/Versions/A/IOKit
0x0000000000ca3000 	/usr/lib/libDiagnosticMessagesClient.dylib
0x0000000000ca3000 	/System/Library/Frameworks/CoreServices.framework/Versions/A/CoreServices
0x0000000000ca3000 	/System/Library/PrivateFrameworks/PerformanceAnalysis.framework/Versions/A/PerformanceAnalysis
0x0000000000ca3000 	/System/Library/PrivateFrameworks/GenerationalStorage.framework/Versions/A/GenerationalStorage
0x0000000000ca3000 	/System/Library/Frameworks/OpenGL.framework/Versions/A/OpenGL
0x0000000000ca3000 	/System/Library/PrivateFrameworks/Sharing.framework/Versions/A/Sharing
0x0000000000ca3000 	/System/Library/Frameworks/ImageIO.framework/Versions/A/ImageIO
0x0000000000ca3000 	/System/Library/Frameworks/CoreText.framework/Versions/A/CoreText
0x0000000000ca3000 	/System/Library/Frameworks/CoreGraphics.framework/Versions/A/CoreGraphics
0x0000000000ca3000 	/System/Library/PrivateFrameworks/Backup.framework/Versions/A/Backup
0x0000000000ca3000 	/System/Library/Frameworks/CFNetwork.framework/Versions/A/CFNetwork
0x0000000000ca3000 	/System/Library/Frameworks/SystemConfiguration.framework/Versions/A/SystemConfiguration
0x0000000000ca3000 	/usr/lib/libCRFSuite.dylib
0x0000000000ca3000 	/usr/lib/libc++.1.dylib
0x0000000000ca3000 	/usr/lib/libc++abi.dylib
0x0000000000ca3000 	/usr/lib/system/libcache.dylib
0x0000000000ca3000 	/usr/lib/system/libcommonCrypto.dylib
0x0000000000ca3000 	/usr/lib/system/libcompiler_rt.dylib
0x0000000000ca3000 	/usr/lib/system/libcopyfile.dylib
0x0000000000ca3000 	/usr/lib/system/libcorecrypto.dylib
0x0000000000ca3000 	/usr/lib/system/libdispatch.dylib
0x0000000000ca3000 	/usr/lib/system/libdyld.dylib
0x0000000000ca3000 	/usr/lib/system/libkeymgr.dylib
0x0000000000ca3000 	/usr/lib/system/liblaunch.dylib
0x0000000000ca3000 	/usr/lib/system/libmacho.dylib
0x0000000000ca3000 	/usr/lib/system/libquarantine.dylib
0x0000000000ca3000 	/usr/lib/system/libremovefile.dylib
0x0000000000ca3000 	/usr/lib/system/libsystem_asl.dylib
0x0000000000ca3000 	/usr/lib/system/libsystem_blocks.dylib
0x0000000000ca3000 	/usr/lib/system/libsystem_c.dylib
0x0000000000ca3000 	/usr/lib/system/libsystem_configuration.dylib
0x0000000000ca3000 	/usr/lib/system/libsystem_dnssd.dylib
0x0000000000ca3000 	/usr/lib/system/libsystem_info.dylib
0x0000000000ca3000 	/usr/lib/system/libsystem_kernel.dylib
0x0000000000ca3000 	/usr/lib/system/libsystem_m.dylib
0x0000000000ca3000 	/usr/lib/system/libsystem_malloc.dylib
0x0000000000ca3000 	/usr/lib/system/libsystem_network.dylib
0x0000000000ca3000 	/usr/lib/system/libsystem_notify.dylib
0x0000000000ca3000 	/usr/lib/system/libsystem_platform.dylib
0x0000000000ca3000 	/usr/lib/system/libsystem_pthread.dylib
0x0000000000ca3000 	/usr/lib/system/libsystem_sandbox.dylib
0x0000000000ca3000 	/usr/lib/system/libsystem_stats.dylib
0x0000000000ca3000 	/usr/lib/system/libunc.dylib
0x0000000000ca3000 	/usr/lib/system/libunwind.dylib
0x0000000000ca3000 	/usr/lib/system/libxpc.dylib
0x0000000000ca3000 	/usr/lib/libbsm.0.dylib
0x0000000000ca3000 	/usr/lib/libsqlite3.dylib
0x0000000000ca3000 	/usr/lib/libxar.1.dylib
0x0000000000ca3000 	/usr/lib/libpam.2.dylib
0x0000000000ca3000 	/usr/lib/libOpenScriptingUtil.dylib
0x0000000000ca3000 	/usr/lib/libbz2.1.0.dylib
0x0000000000ca3000 	/System/Library/Frameworks/CoreServices.framework/Versions/A/Frameworks/CarbonCore.framework/Versions/A/CarbonCore
0x0000000000ca3000 	/System/Library/Frameworks/CoreServices.framework/Versions/A/Frameworks/Metadata.framework/Versions/A/Metadata
0x0000000000ca3000 	/System/Library/Frameworks/CoreServices.framework/Versions/A/Frameworks/OSServices.framework/Versions/A/OSServices
0x0000000000ca3000 	/System/Library/Frameworks/CoreServices.framework/Versions/A/Frameworks/SearchKit.framework/Versions/A/SearchKit
0x0000000000ca3000 	/System/Library/Frameworks/CoreServices.framework/Versions/A/Frameworks/AE.framework/Versions/A/AE
0x0000000000ca3000 	/System/Library/Frameworks/CoreServices.framework/Versions/A/Frameworks/LaunchServices.framework/Versions/A/LaunchServices
0x0000000000ca3000 	/System/Library/Frameworks/CoreServices.framework/Versions/A/Frameworks/DictionaryServices.framework/Versions/A/DictionaryServices
0x0000000000ca3000 	/System/Library/Frameworks/NetFS.framework/Versions/A/NetFS
0x0000000000ca3000 	/usr/lib/system/libkxld.dylib
0x0000000000ca3000 	/System/Library/PrivateFrameworks/NetAuth.framework/Versions/A/NetAuth
0x0000000000ca3000 	/System/Library/PrivateFrameworks/TCC.framework/Versions/A/TCC
0x0000000000ca3000 	/System/Library/Frameworks/OpenDirectory.framework/Versions/A/Frameworks/CFOpenDirectory.framework/Versions/A/CFOpenDirectory
0x0000000000ca3000 	/System/Library/Frameworks/ServiceManagement.framework/Versions/A/ServiceManagement
0x0000000000ca3000 	/usr/lib/libxslt.1.dylib
0x0000000000ca3000 	/System/Library/Frameworks/Carbon.framework/Versions/A/Frameworks/Ink.framework/Versions/A/Ink
0x0000000000ca3000 	/System/Library/Frameworks/ApplicationServices.framework/Versions/A/Frameworks/ATS.framework/Versions/A/ATS
0x0000000000ca3000 	/System/Library/Frameworks/ApplicationServices.framework/Versions/A/Frameworks/ColorSync.framework/Versions/A/ColorSync
0x0000000000ca3000 	/System/Library/Frameworks/ApplicationServices.framework/Versions/A/Frameworks/HIServices.framework/Versions/A/HIServices
0x0000000000ca3000 	/System/Library/Frameworks/ApplicationServices.framework/Versions/A/Frameworks/LangAnalysis.framework/Versions/A/LangAnalysis
0x0000000000ca3000 	/System/Library/Frameworks/ApplicationServices.framework/Versions/A/Frameworks/PrintCore.framework/Versions/A/PrintCore
0x0000000000ca3000 	/System/Library/Frameworks/ApplicationServices.framework/Versions/A/Frameworks/QD.framework/Versions/A/QD
0x0000000000ca3000 	/System/Library/Frameworks/ApplicationServices.framework/Versions/A/Frameworks/SpeechSynthesis.framework/Versions/A/SpeechSynthesis
0x0000000000ca3000 	/System/Library/Frameworks/IOSurface.framework/Versions/A/IOSurface
0x0000000000ca3000 	/System/Library/Frameworks/Accelerate.framework/Versions/A/Accelerate
0x0000000000ca3000 	/System/Library/Frameworks/Accelerate.framework/Versions/A/Frameworks/vImage.framework/Versions/A/vImage
0x0000000000ca3000 	/System/Library/Frameworks/Accelerate.framework/Versions/A/Frameworks/vecLib.framework/Versions/A/vecLib
0x0000000000ca3000 	/System/Library/Frameworks/Accelerate.framework/Versions/A/Frameworks/vecLib.framework/Versions/A/libvDSP.dylib
0x0000000000ca3000 	/System/Library/Frameworks/Accelerate.framework/Versions/A/Frameworks/vecLib.framework/Versions/A/libvMisc.dylib
0x0000000000ca3000 	/System/Library/Frameworks/Accelerate.framework/Versions/A/Frameworks/vecLib.framework/Versions/A/libLAPACK.dylib
0x0000000000ca3000 	/System/Library/Frameworks/Accelerate.framework/Versions/A/Frameworks/vecLib.framework/Versions/A/libBLAS.dylib
0x0000000000ca3000 	/System/Library/Frameworks/ApplicationServices.framework/Versions/A/Frameworks/ATS.framework/Versions/A/Resources/libFontParser.dylib
0x0000000000ca3000 	/System/Library/Frameworks/ApplicationServices.framework/Versions/A/Frameworks/ATS.framework/Versions/A/Resources/libFontRegistry.dylib
0x0000000000ca3000 	/System/Library/Frameworks/ImageIO.framework/Versions/A/Resources/libJPEG.dylib
0x0000000000ca3000 	/System/Library/Frameworks/ImageIO.framework/Versions/A/Resources/libTIFF.dylib
0x0000000000ca3000 	/System/Library/Frameworks/ImageIO.framework/Versions/A/Resources/libPng.dylib
0x0000000000ca3000 	/System/Library/Frameworks/ImageIO.framework/Versions/A/Resources/libGIF.dylib
0x0000000000ca3000 	/System/Library/Frameworks/ImageIO.framework/Versions/A/Resources/libJP2.dylib
0x0000000000ca3000 	/System/Library/Frameworks/ImageIO.framework/Versions/A/Resources/libRadiance.dylib
0x0000000000ca3000 	/usr/lib/libcups.2.dylib
0x0000000000ca3000 	/System/Library/Frameworks/Kerberos.framework/Versions/A/Kerberos
0x0000000000ca3000 	/System/Library/Frameworks/GSS.framework/Versions/A/GSS
0x0000000000ca3000 	/usr/lib/libresolv.9.dylib
0x0000000000ca3000 	/usr/lib/libiconv.2.dylib
0x0000000000ca3000 	/System/Library/PrivateFrameworks/Heimdal.framework/Versions/A/Heimdal
0x0000000000ca3000 	/System/Library/PrivateFrameworks/TrustEvaluationAgent.framework/Versions/A/TrustEvaluationAgent
0x0000000000ca3000 	/usr/lib/libheimdal-asn1.dylib
0x0000000000ca3000 	/System/Library/Frameworks/OpenDirectory.framework/Versions/A/OpenDirectory
0x0000000000ca3000 	/System/Library/PrivateFrameworks/CommonAuth.framework/Versions/A/CommonAuth
0x0000000000ca3000 	/System/Library/Frameworks/SecurityFoundation.framework/Versions/A/SecurityFoundation
0x0000000000ca3000 	/System/Library/PrivateFrameworks/Bom.framework/Versions/A/Bom
0x0000000000ca3000 	/System/Library/Frameworks/CoreVideo.framework/Versions/A/CoreVideo
0x0000000000ca3000 	/System/Library/Frameworks/QuartzCore.framework/Versions/A/Frameworks/CoreImage.framework/Versions/A/CoreImage
0x0000000000ca3000 	/System/Library/Frameworks/QuartzCore.framework/Versions/A/Frameworks/ScalableUserInterface.framework/Versions/A/ScalableUserInterface
0x0000000000ca3000 	/System/Library/Frameworks/OpenGL.framework/Versions/A/Libraries/libGLU.dylib
0x0000000000ca3000 	/System/Library/Frameworks/OpenGL.framework/Versions/A/Libraries/libGFXShared.dylib
0x0000000000ca3000 	/System/Library/Frameworks/OpenGL.framework/Versions/A/Libraries/libGL.dylib
0x0000000000ca3000 	/System/Library/Frameworks/OpenGL.framework/Versions/A/Libraries/libGLImage.dylib
0x0000000000ca3000 	/System/Library/Frameworks/OpenGL.framework/Versions/A/Libraries/libCVMSPluginSupport.dylib
0x0000000000ca3000 	/System/Library/Frameworks/OpenGL.framework/Versions/A/Libraries/libCoreVMClient.dylib
0x0000000000ca3000 	/System/Library/PrivateFrameworks/FaceCore.framework/Versions/A/FaceCore
0x0000000000ca3000 	/System/Library/PrivateFrameworks/CrashReporterSupport.framework/Versions/A/CrashReporterSupport
0x0000000000ca3000 	/System/Library/Frameworks/OpenCL.framework/Versions/A/OpenCL
0x0000000000ca3000 	/System/Library/PrivateFrameworks/AppleFSCompression.framework/Versions/A/AppleFSCompression
0x0000000000ca3000 	/System/Library/PrivateFrameworks/Ubiquity.framework/Versions/A/Ubiquity
0x0000000000ca3000 	/System/Library/PrivateFrameworks/IconServices.framework/Versions/A/IconServices
0x0000000000ca3000 	/System/Library/PrivateFrameworks/ChunkingLibrary.framework/Versions/A/ChunkingLibrary
0x0000000000ca3000 	/System/Library/PrivateFrameworks/CoreSymbolication.framework/Versions/A/CoreSymbolication
0x0000000000ca3000 	/System/Library/PrivateFrameworks/Symbolication.framework/Versions/A/Symbolication
0x0000000000ca3000 	/System/Library/PrivateFrameworks/DebugSymbols.framework/Versions/A/DebugSymbols
0x000000010ac00000 	/Library/Java/JavaVirtualMachines/jdk1.7.0_71.jdk/Contents/Home/jre/lib/server/libjvm.dylib
0x0000000000ca3000 	/usr/lib/libstdc++.6.dylib
0x000000010a3dd000 	/Library/Java/JavaVirtualMachines/jdk1.7.0_71.jdk/Contents/Home/jre/lib/libverify.dylib
0x000000010b660000 	/Library/Java/JavaVirtualMachines/jdk1.7.0_71.jdk/Contents/Home/jre/lib/libjava.dylib
0x000000010b690000 	/Library/Java/JavaVirtualMachines/jdk1.7.0_71.jdk/Contents/Home/jre/lib/libjdwp.dylib
0x000000010a3eb000 	/Library/Java/JavaVirtualMachines/jdk1.7.0_71.jdk/Contents/Home/jre/lib/libnpt.dylib
0x000000010b6cd000 	/Library/Java/JavaVirtualMachines/jdk1.7.0_71.jdk/Contents/Home/jre/lib/libzip.dylib
0x0000000114f44000 	/System/Library/Frameworks/JavaVM.framework/Frameworks/JavaRuntimeSupport.framework/JavaRuntimeSupport
0x0000000114f5c000 	/System/Library/Frameworks/JavaVM.framework/Versions/A/Frameworks/JavaNativeFoundation.framework/Versions/A/JavaNativeFoundation
0x0000000114f71000 	/System/Library/Frameworks/JavaVM.framework/Versions/A/JavaVM
0x0000000000ca3000 	/System/Library/Frameworks/Carbon.framework/Versions/A/Carbon
0x0000000114f7e000 	/System/Library/PrivateFrameworks/JavaLaunching.framework/Versions/A/JavaLaunching
0x0000000000ca3000 	/System/Library/Frameworks/Carbon.framework/Versions/A/Frameworks/CommonPanels.framework/Versions/A/CommonPanels
0x0000000000ca3000 	/System/Library/Frameworks/Carbon.framework/Versions/A/Frameworks/Help.framework/Versions/A/Help
0x0000000000ca3000 	/System/Library/Frameworks/Carbon.framework/Versions/A/Frameworks/ImageCapture.framework/Versions/A/ImageCapture
0x0000000000ca3000 	/System/Library/Frameworks/Carbon.framework/Versions/A/Frameworks/OpenScripting.framework/Versions/A/OpenScripting
0x0000000000ca3000 	/System/Library/Frameworks/Carbon.framework/Versions/A/Frameworks/Print.framework/Versions/A/Print
0x0000000000ca3000 	/System/Library/Frameworks/Carbon.framework/Versions/A/Frameworks/SecurityHI.framework/Versions/A/SecurityHI
0x0000000115193000 	/Library/Java/JavaVirtualMachines/jdk1.7.0_71.jdk/Contents/Home/jre/lib/libdt_socket.dylib

VM Arguments:
jvm_args: -agentlib:jdwp=transport=dt_socket,suspend=y,address=localhost:58762 -Dfile.encoding=UTF-8 
java_command: TestGPTree
Launcher Type: SUN_STANDARD

Environment Variables:
PATH=/usr/bin:/bin:/usr/sbin:/sbin
SHELL=/bin/bash

Signal Handlers:
SIGSEGV: [libjvm.dylib+0x52c49d], sa_mask[0]=0xfffefeff, sa_flags=0x00000043
SIGBUS: [libjvm.dylib+0x52c49d], sa_mask[0]=0xfffefeff, sa_flags=0x00000042
SIGFPE: [libjvm.dylib+0x41e53a], sa_mask[0]=0xfffefeff, sa_flags=0x00000042
SIGPIPE: [libjvm.dylib+0x41e53a], sa_mask[0]=0xfffefeff, sa_flags=0x00000042
SIGXFSZ: [libjvm.dylib+0x41e53a], sa_mask[0]=0xfffefeff, sa_flags=0x00000042
SIGILL: [libjvm.dylib+0x41e53a], sa_mask[0]=0xfffefeff, sa_flags=0x00000042
SIGUSR1: SIG_DFL, sa_mask[0]=0x00000000, sa_flags=0x00000002
SIGUSR2: [libjvm.dylib+0x41e02c], sa_mask[0]=0x00000004, sa_flags=0x00000042
SIGHUP: [libjvm.dylib+0x41c2bd], sa_mask[0]=0xfffefeff, sa_flags=0x00000042
SIGINT: [libjvm.dylib+0x41c2bd], sa_mask[0]=0xfffefeff, sa_flags=0x00000042
SIGTERM: [libjvm.dylib+0x41c2bd], sa_mask[0]=0xfffefeff, sa_flags=0x00000042
SIGQUIT: [libjvm.dylib+0x41c2bd], sa_mask[0]=0xfffefeff, sa_flags=0x00000042


---------------  S Y S T E M  ---------------

OS:Bsduname:Darwin 13.4.0 Darwin Kernel Version 13.4.0: Sun Aug 17 19:50:11 PDT 2014; root:xnu-2422.115.4~1/RELEASE_X86_64 x86_64
rlimit: STACK 8192k, CORE 0k, NPROC 709, NOFILE 10240, AS infinity
load average:1.52 1.38 1.43

CPU:total 4 (2 cores per cpu, 2 threads per core) family 6 model 69 stepping 1, cmov, cx8, fxsr, mmx, sse, sse2, sse3, ssse3, sse4.1, sse4.2, popcnt, avx, avx2, aes, erms, ht, tsc, tscinvbit

Memory: 4k page, physical 8388608k(2097152k free)

/proc/meminfo:


vm_info: Java HotSpot(TM) 64-Bit Server VM (24.71-b01) for bsd-amd64 JRE (1.7.0_71-b14), built on Sep 26 2014 16:11:44 by "java_re" with gcc 4.2.1 (Based on Apple Inc. build 5658) (LLVM build 2336.11.00)

time: Sat Nov  8 20:49:21 2014
elapsed time: 445 seconds

